<?xml version="1.0" encoding="UTF-8"?>
<testng-results skipped="0" failed="0" ignored="0" total="2" passed="2">
  <reporter-output>
  </reporter-output>
  <suite name="com.testmadness.testcase.BookFlightTest" duration-ms="25170" started-at="2017-10-11T01:48:01Z" finished-at="2017-10-11T01:48:26Z">
    <groups>
    </groups>
    <test name="Command line test" duration-ms="25170" started-at="2017-10-11T01:48:01Z" finished-at="2017-10-11T01:48:26Z">
      <class name="com.testmadness.testcase.BookFlightTest">
        <test-method status="PASS" signature="beforeClass()[pri:0, instance:com.testmadness.testcase.BookFlightTest@5d624da6]" name="beforeClass" is-config="true" duration-ms="709" started-at="2017-10-10T18:48:01Z" finished-at="2017-10-10T18:48:01Z">
          <reporter-output>
          </reporter-output>
        </test-method> <!-- beforeClass -->
        <test-method status="PASS" signature="beforeMethod(java.lang.reflect.Method)[pri:0, instance:com.testmadness.testcase.BookFlightTest@5d624da6]" name="beforeMethod" is-config="true" duration-ms="5117" started-at="2017-10-10T18:48:01Z" finished-at="2017-10-10T18:48:07Z">
          <params>
            <param index="0">
              <value>
                <![CDATA[public void com.testmadness.testcase.BookFlightTest.firstTestCase()]]>
              </value>
            </param>
          </params>
          <reporter-output>
          </reporter-output>
        </test-method> <!-- beforeMethod -->
        <test-method status="PASS" signature="firstTestCase()[pri:0, instance:com.testmadness.testcase.BookFlightTest@5d624da6]" name="firstTestCase" duration-ms="7449" started-at="2017-10-10T18:48:07Z" finished-at="2017-10-10T18:48:14Z">
          <reporter-output>
          </reporter-output>
        </test-method> <!-- firstTestCase -->
        <test-method status="PASS" signature="afterMethod()[pri:0, instance:com.testmadness.testcase.BookFlightTest@5d624da6]" name="afterMethod" is-config="true" duration-ms="401" started-at="2017-10-10T18:48:14Z" finished-at="2017-10-10T18:48:14Z">
          <reporter-output>
          </reporter-output>
        </test-method> <!-- afterMethod -->
        <test-method status="PASS" signature="beforeMethod(java.lang.reflect.Method)[pri:0, instance:com.testmadness.testcase.BookFlightTest@5d624da6]" name="beforeMethod" is-config="true" duration-ms="5143" started-at="2017-10-10T18:48:14Z" finished-at="2017-10-10T18:48:20Z">
          <params>
            <param index="0">
              <value>
                <![CDATA[public void com.testmadness.testcase.BookFlightTest.secondTestCase()]]>
              </value>
            </param>
          </params>
          <reporter-output>
          </reporter-output>
        </test-method> <!-- beforeMethod -->
        <test-method status="PASS" signature="secondTestCase()[pri:0, instance:com.testmadness.testcase.BookFlightTest@5d624da6]" name="secondTestCase" duration-ms="6115" started-at="2017-10-10T18:48:20Z" finished-at="2017-10-10T18:48:26Z">
          <reporter-output>
          </reporter-output>
        </test-method> <!-- secondTestCase -->
        <test-method status="PASS" signature="afterMethod()[pri:0, instance:com.testmadness.testcase.BookFlightTest@5d624da6]" name="afterMethod" is-config="true" duration-ms="220" started-at="2017-10-10T18:48:26Z" finished-at="2017-10-10T18:48:26Z">
          <reporter-output>
          </reporter-output>
        </test-method> <!-- afterMethod -->
      </class> <!-- com.testmadness.testcase.BookFlightTest -->
    </test> <!-- Command line test -->
  </suite> <!-- com.testmadness.testcase.BookFlightTest -->
</testng-results>
