<?xml version="1.0" encoding="UTF-8"?>
<!-- Generated by org.testng.reporters.JUnitXMLReporter -->
<testsuite hostname="Sejis-MacBook-Pro.local" ignored="0" name="Command line test" tests="2" failures="0" timestamp="11 Oct 2017 01:48:31 GMT" time="25.17" errors="0">
  <testcase name="firstTestCase" time="7.449" classname="com.testmadness.testcase.BookFlightTest"/>
  <testcase name="secondTestCase" time="6.115" classname="com.testmadness.testcase.BookFlightTest"/>
</testsuite> <!-- Command line test -->
